<html><head><title>think-java status</title></head><body>
Run date: 2018-10-12
<br>Student User: 1amsmith1020
<br>Project: think-java
<br>
<pre>

----------------------------------------------------------
[STUDENT INIT] 1amsmith1020
[SETUP] Creating student dir:  ./stuwork/1amsmith1020
[PRE-WARN]: Expected non-empty: ./stuwork/1amsmith1020/think-java-1amsmith1020
[GITWORK]
[Attempting DL:https://github.com/SwettSoquelHS/think-java-1amsmith1020.git]
Cloning into 'think-java-1amsmith1020'...
	
[GITWORK DONE]

<hr>

<b>[Assignment]  >Think Java: Ch2-ch4< </b>
  [DESC] HW1, Ch2-Ch4

*[BEGIN chapter2]
  [EXPECTING TARGETS] ['Date', 'Time']]
[COMPILING] Date.java
	[SUCCESSFUL COMPILE] Date.java
[RUNNING] Date
-->
Friday
	10
	May
	2011
	European Style:
	Friday 10 May 2011
	American Style:
	Friday, May 10, 2011
	
<--
	[OUTPUT OK]

[COMPILING] Time.java
	[SUCCESSFUL COMPILE] Time.java
[RUNNING] Time
-->
Seconds since midnight:39494
	Seconds remaining today:46906
	Percentage of day passed:45.710648
	Minuites passed:23
	
<--
	[OUTPUT OK]

[SUMMARY] 
	['Date: PASSED - EXCELLENT!'
	 'Time: PASSED - EXCELLENT!']
[DONE chapter2]

*[BEGIN chapter3]
  [EXPECTING TARGETS] ['Exercise3', 'Exercise4']]
[COMPILING] Exercise3.java
	[SUCCESSFUL COMPILE] Exercise3.java
[RUNNING] Exercise3
-->
Enter amount of seconds:
	0 hours 0 minuites 13 seconds 
<--
	[OUTPUT OK]

[COMPILING] Exercise4.java
	[SUCCESSFUL COMPILE] Exercise4.java
[RUNNING] Exercise4
-->
92
	
<--
	[OUTPUT OK]

[SUMMARY] 
	['Exercise3: PASSED - EXCELLENT!'
	 'Exercise4: PASSED - EXCELLENT!']
[DONE chapter3]

*[BEGIN chapter4]
  [EXPECTING TARGETS] ['Multadd']]
[COMPILING] Multadd.java
	[ERROR] javac failed Multadd.java Multadd.java:1: error: class, interface, or enum expected
	public static void Multiadd(String[] args) {
	              ^
	1 error
	
[SUMMARY] 
	['Multadd: COMPILE ERROR (- 0.10)']
[DONE chapter4]
[ASSIGNMENT DONE] Think Java: Ch2-ch4
<b>          [SCORE] <font color="green">0.90</font></b>

<hr>

<b>[Assignment]  >Think Java: Ch6< </b>
  [DESC] HW2, Ch 6

*[BEGIN chapter6]
  [EXPECTING TARGETS] ['Exercise4', 'Exercise5']
[COMPILING] Exercise4.java
	[SUCCESSFUL COMPILE] Exercise4.java
[TESTING WITH] Ch6Ex4
[COMPILING] Ch6Ex4.java
	[ERROR] javac failed Ch6Ex4.java
 ----begin compile output------- 
Ch6Ex4.java:56: error: cannot find symbol
	            boolean isIt = Exercise4.isAbecedarian(testStr);
	                                    ^
	  symbol:   method isAbecedarian(String)
	  location: class Exercise4
	1 error
	
-----------END COMPILE-------
[COMPILING] Exercise5.java
	[SUCCESSFUL COMPILE] Exercise5.java
[TESTING WITH] Ch6Ex5
[COMPILING] Ch6Ex5.java
	[ERROR] javac failed Ch6Ex5.java
 ----begin compile output------- 
Ch6Ex5.java:57: error: cannot find symbol
	            boolean isIt = Exercise5.isDoubloon(testStr);
	                                    ^
	  symbol:   method isDoubloon(String)
	  location: class Exercise5
	1 error
	
-----------END COMPILE-------
[SUMMARY] 
	['Exercise4: COMPILE ERROR (- 0.30)'
	 'Exercise5: COMPILE ERROR (- 0.30)']
[DONE chapter6]
[ASSIGNMENT DONE] Think Java: Ch6
<b>          [SCORE] 0.40</b>

<hr>

<b>[Assignment]  >Swettercise1< </b>
  [DESC] HW3: Third HW Assignment, Swettercise. Assigned with Chapter6 work

*[BEGIN chapter6]
  [EXPECTING TARGETS] ['Swettercise1']
[COMPILING] Swettercise.java
	[ERROR] javac failed Swettercise.java Swettercise.java:13: error: cannot find symbol
			System.out.println("Is " + number + " prime? " + isPrime(number));
			                                                 ^
	  symbol:   method isPrime(int)
	  location: class Swettercise
	1 error
	
[SUMMARY] 
	['Swettercise1: COMPILE ERROR (- 0.30)']
[DONE chapter6]
[ASSIGNMENT DONE] Swettercise1
<b>          [SCORE] 0.70</b>

<hr>

<b>[Assignment]  > Think Java: Ch7 - pt1 < </b>
  [DESC] HW4: Fourth HW Assignment, Ch7 Ex3 & 4

*[BEGIN chapter7]
  [EXPECTING TARGETS] ['Exercise3', 'Exercise4']
	[ERROR] No chapter work for:chapter7
[DONE chapter7]
[ASSIGNMENT DONE]  Think Java: Ch7 - pt1 
<b>          [SCORE] 0.25</b>

</pre></body></html>