<html><head><title>think-java status</title></head><body>
Run date: 2018-09-29
<br>Student User: AdamRashid
<br>Project: think-java
<br>
<pre>

----------------------------------------------------------
[STUDENT INIT] AdamRashid
[SETUP] Creating student dir:  ./stuwork/AdamRashid
[PRE-WARN]: Expected non-empty: ./stuwork/AdamRashid/think-java-AdamRashid
[GITWORK]
[Attempting DL:https://github.com/SwettSoquelHS/think-java-AdamRashid.git]
Cloning into 'think-java-AdamRashid'...
	
[GITWORK DONE]

<b>[Assignment]  >Think Java: 1< </b>
  [DESC] First Assignment, Ch2-Ch4

*[BEGIN chapter2]
  [EXPECTING TARGETS] ['Date', 'Time']]
[COMPILING] Date.java
	[SUCCESSFUL COMPILE] Date.java
[RUNNING] Date
-->

<--
	[OUTPUT OK]

[COMPILING] Time.java
	[SUCCESSFUL COMPILE] Time.java
[RUNNING] Time
-->

<--
	[OUTPUT OK]

[SUMMARY] ['Date: PASSED, EXCELLENT!', 'Time: PASSED, EXCELLENT!']
[DONE chapter2]

*[BEGIN chapter3]
  [EXPECTING TARGETS] ['Exercise3', 'Exercise4']]
[COMPILING] Exercise3.java
	[SUCCESSFUL COMPILE] Exercise3.java
[RUNNING] Exercise3
-->

<--
	[OUTPUT OK]

[COMPILING] Exercise4.java
	[SUCCESSFUL COMPILE] Exercise4.java
[RUNNING] Exercise4
-->

<--
	[OUTPUT OK]

[SUMMARY] ['Exercise3: PASSED, EXCELLENT!', 'Exercise4: PASSED, EXCELLENT!']
[DONE chapter3]

*[BEGIN chapter4]
  [EXPECTING TARGETS] ['Multadd']]
[COMPILING] Multadd.java
	[SUCCESSFUL COMPILE] Multadd.java
[RUNNING] Multadd
-->

<--
	[OUTPUT OK]

[SUMMARY] ['Multadd: PASSED, EXCELLENT!']
[DONE chapter4]
[ASSIGNMENT DONE] Think Java: 1
<b>          [SCORE] <font color="green">1.00</font></b>

<b>[Assignment]  >Think Java: 2< </b>
  [DESC] Second Assignment, Ch 6

*[BEGIN chapter6]
  [EXPECTING TARGETS] ['Exercise4', 'Exercise5']]
[COMPILING] Exercise4.java
	[SUCCESSFUL COMPILE] Exercise4.java
[TESTING WITH] copied Ch6Ex4
[COMPILED TEST] copied Ch6Ex4
[COMPILING] Ch6Ex4.java
	[ERROR] javac failed Ch6Ex4.java
 ----begin compile output------- 
./TUtils.java:37: error: cannot find symbol
	            System.out.print(s);
	                             ^
	  symbol:   variable s
	  location: class TUtils
	Ch6Ex4.java:56: error: cannot find symbol
	            boolean isIt = Exercise4.isAbecedarian(testStr);
	                                    ^
	  symbol:   method isAbecedarian(String)
	  location: class Exercise4
	2 errors
	
-----------END COMPILE-------
[TESTING WITH] copied Ch6Ex5
[COMPILED TEST] copied Ch6Ex5
[COMPILING] Ch6Ex5.java
	[ERROR] javac failed Ch6Ex5.java
 ----begin compile output------- 
./TUtils.java:37: error: cannot find symbol
	            System.out.print(s);
	                             ^
	  symbol:   variable s
	  location: class TUtils
	1 error
	
-----------END COMPILE-------
[COMPILING] Exercise5.java
	[SUCCESSFUL COMPILE] Exercise5.java
[TESTING WITH] copied Ch6Ex4
[COMPILED TEST] copied Ch6Ex4
[COMPILING] Ch6Ex4.java
	[ERROR] javac failed Ch6Ex4.java
 ----begin compile output------- 
./TUtils.java:37: error: cannot find symbol
	            System.out.print(s);
	                             ^
	  symbol:   variable s
	  location: class TUtils
	Ch6Ex4.java:56: error: cannot find symbol
	            boolean isIt = Exercise4.isAbecedarian(testStr);
	                                    ^
	  symbol:   method isAbecedarian(String)
	  location: class Exercise4
	2 errors
	
-----------END COMPILE-------
[TESTING WITH] copied Ch6Ex5
[COMPILED TEST] copied Ch6Ex5
[COMPILING] Ch6Ex5.java
	[ERROR] javac failed Ch6Ex5.java
 ----begin compile output------- 
./TUtils.java:37: error: cannot find symbol
	            System.out.print(s);
	                             ^
	  symbol:   variable s
	  location: class TUtils
	1 error
	
-----------END COMPILE-------
[SUMMARY] ['Exercise4: COMPILE ERROR', 'Exercise5: COMPILE ERROR']
[DONE chapter6]
[ASSIGNMENT DONE] Think Java: 2
<b>          [SCORE] 0.20</b>

<b>[Assignment]  >Think Java: 3< </b>
  [DESC] Third Assignment, Swettercise

*[BEGIN chapter6]
  [EXPECTING TARGETS] ['Swettercise']]
[COMPILING] Swettercise.java
	[SUCCESSFUL COMPILE] Swettercise.java
[TESTING WITH] copied SwetterciseTest
[COMPILED TEST] copied SwetterciseTest
[COMPILING] SwetterciseTest.java
	[ERROR] javac failed SwetterciseTest.java
 ----begin compile output------- 
./TUtils.java:37: error: cannot find symbol
	            System.out.print(s);
	                             ^
	  symbol:   variable s
	  location: class TUtils
	1 error
	
-----------END COMPILE-------
[SUMMARY] ['Swettercise: COMPILE ERROR']
[DONE chapter6]
[ASSIGNMENT DONE] Think Java: 3
<b>          [SCORE] 0.60</b>

</pre></body></html>