<html><head><title>think-java status</title></head><body>
Run date: 2018-09-29
<br>Student User: asianaaron2
<br>Project: think-java
<br>
<pre>

----------------------------------------------------------
[STUDENT INIT] asianaaron2
[SETUP] Creating student dir:  ./stuwork/asianaaron2
[PRE-WARN]: Expected non-empty: ./stuwork/asianaaron2/think-java-asianaaron2
[GITWORK]
[Attempting DL:https://github.com/SwettSoquelHS/think-java-asianaaron2.git]
Cloning into 'think-java-asianaaron2'...
	
[GITWORK DONE]

<hr>

<b>[Assignment]  >Think Java: 1< </b>
  [DESC] First Assignment, Ch2-Ch4

*[BEGIN chapter2]
  [EXPECTING TARGETS] ['Date', 'Time']]
[COMPILING] this comipleDate.java
	[SUCCESSFUL COMPILE] Date.java
[RUNNING] Date
-->

<--
	[OUTPUT OK]

[COMPILING] this comipleTime.java
	[SUCCESSFUL COMPILE] Time.java
[RUNNING] Time
-->

<--
	[OUTPUT OK]

[SUMMARY] ['Date: PASSED, EXCELLENT!', 'Time: PASSED, EXCELLENT!']
[DONE chapter2]

*[BEGIN chapter3]
  [EXPECTING TARGETS] ['Exercise3', 'Exercise4']]
[COMPILING] this comipleExercise3.java
	[ERROR] Missing Compile Target:Exercise3.java
[COMPILING] this comipleExercise4.java
	[ERROR] Missing Compile Target:Exercise4.java
[SUMMARY] ['Exercise3: MISSING', 'Exercise4: MISSING']
[DONE chapter3]

*[BEGIN chapter4]
  [EXPECTING TARGETS] ['Multadd']]
[COMPILING] this comipleMultadd.java
	[SUCCESSFUL COMPILE] Multadd.java
[RUNNING] Multadd
-->
	[ERROR] Runtime Error @ java Multadd

[SUMMARY] ['Multadd: RUNTIME ERROR']
[DONE chapter4]
[ASSIGNMENT DONE] Think Java: 1
<b>          [SCORE] 0.55</b>

<hr>

<b>[Assignment]  >Think Java: 2< </b>
  [DESC] Second Assignment, Ch 6

*[BEGIN chapter6]
  [EXPECTING TARGETS] [('Exercise4', 'Ch6Ex4'), ('Exercise5', 'Ch6Ex5')]]
[COMPILING] this comipleExercise4.java
	[ERROR] Missing Compile Target:Exercise4.java
[TESTING WITH] copied Ch6Ex4
[COMPILED TEST] copied Ch6Ex4
[COMPILING] Ch6Ex4.java
	[ERROR] javac failed Ch6Ex4.java
 ----begin compile output------- 
Ch6Ex4.java:56: error: cannot find symbol
	            boolean isIt = Exercise4.isAbecedarian(testStr);
	                           ^
	  symbol:   variable Exercise4
	  location: class Ch6Ex4
	1 error
	
-----------END COMPILE-------
[COMPILING] this comipleExercise5.java
	[ERROR] Missing Compile Target:Exercise5.java
[TESTING WITH] copied Ch6Ex5
[COMPILED TEST] copied Ch6Ex5
[COMPILING] Ch6Ex5.java
	[ERROR] javac failed Ch6Ex5.java
 ----begin compile output------- 
Ch6Ex5.java:57: error: cannot find symbol
	            boolean isIt = Exercise5.isDoubloon(testStr);
	                           ^
	  symbol:   variable Exercise5
	  location: class Ch6Ex5
	1 error
	
-----------END COMPILE-------
[SUMMARY] ['Exercise4: COMPILE ERROR', 'Exercise5: COMPILE ERROR']
[DONE chapter6]
[ASSIGNMENT DONE] Think Java: 2
<b>          [SCORE] 0.20</b>

<hr>

<b>[Assignment]  >Think Java: 3< </b>
  [DESC] Third Assignment, Swettercise

*[BEGIN chapter6]
  [EXPECTING TARGETS] [('Swettercise', 'SwetterciseTest')]]
[COMPILING] this comipleSwettercise.java
	[ERROR] Missing Compile Target:Swettercise.java
[TESTING WITH] copied SwetterciseTest
[COMPILED TEST] copied SwetterciseTest
[COMPILING] SwetterciseTest.java
	[ERROR] javac failed SwetterciseTest.java
 ----begin compile output------- 
SwetterciseTest.java:77: error: cannot find symbol
	            gotBack = Swettercise1.isPrime(num);
	                      ^
	  symbol:   variable Swettercise1
	  location: class SwetterciseTest
	SwetterciseTest.java:109: error: cannot find symbol
	            gotBack = Swettercise1.collatzThis(num);
	                      ^
	  symbol:   variable Swettercise1
	  location: class SwetterciseTest
	SwetterciseTest.java:157: error: cannot find symbol
	            gotBack = Swettercise1.reverseStr(input);
	                      ^
	  symbol:   variable Swettercise1
	  location: class SwetterciseTest
	3 errors
	
-----------END COMPILE-------
[SUMMARY] ['Swettercise: COMPILE ERROR']
[DONE chapter6]
[ASSIGNMENT DONE] Think Java: 3
<b>          [SCORE] 0.60</b>

</pre></body></html>