<html><head><title>think-java status</title></head><body>
Run date: 2018-09-29
<br>Student User: bealarson82
<br>Project: think-java
<br>
<pre>

----------------------------------------------------------
[STUDENT INIT] bealarson82
[SETUP] Creating student dir:  ./stuwork/bealarson82
[PRE-WARN]: Expected non-empty: ./stuwork/bealarson82/think-java-bealarson82
[GITWORK]
[Attempting DL:https://github.com/SwettSoquelHS/think-java-bealarson82.git]
Cloning into 'think-java-bealarson82'...
	
[GITWORK DONE]

<b>[Assignment]  >Think Java: 1< </b>
  [DESC] First Assignment, Ch2-Ch4

*[BEGIN chapter2]
  [EXPECTING TARGETS] ['Date', 'Time']]
[COMPILING] Date.java
	[SUCCESSFUL COMPILE] Date.java
[RUNNING] Date
-->

<--
	[OUTPUT OK]

[COMPILING] Time.java
	[SUCCESSFUL COMPILE] Time.java
[RUNNING] Time
-->

<--
	[OUTPUT OK]

[SUMMARY] ['Date: PASSED, EXCELLENT!', 'Time: PASSED, EXCELLENT!']
[DONE chapter2]

*[BEGIN chapter3]
  [EXPECTING TARGETS] ['Exercise3', 'Exercise4']]
[COMPILING] Exercise3.java
	[ERROR] javac failed Exercise3.java Exercise3.java:1: error: class, interface, or enum expected
	pimport java.util.Scanner;
	^
	1 error
	
[COMPILING] Exercise4.java
	[ERROR] javac failed Exercise4.java Exercise4.java:15: error: cannot find symbol
			guess = sc.nextInt();
			        ^
	  symbol:   variable sc
	  location: class Exercise4
	1 error
	
[SUMMARY] ['Exercise3: COMPILE ERROR', 'Exercise4: COMPILE ERROR']
[DONE chapter3]

*[BEGIN chapter4]
  [EXPECTING TARGETS] ['Multadd']]
[COMPILING] Multadd.java
	[SUCCESSFUL COMPILE] Multadd.java
[RUNNING] Multadd
-->
	[ERROR] Runtime Error @ java Multadd

[SUMMARY] ['Multadd: RUNTIME ERROR']
[DONE chapter4]
[ASSIGNMENT DONE] Think Java: 1
<b>          [SCORE] 0.15</b>

<b>[Assignment]  >Think Java: 2< </b>
  [DESC] Second Assignment, Ch 6

*[BEGIN chapter6]
  [EXPECTING TARGETS] ['Exercise4', 'Exercise5']]
[COMPILING] Exercise4.java
	[ERROR] javac failed Exercise4.java Exercise4.java:1: error: class exercise4 is public, should be declared in a file named exercise4.java
	public class exercise4 {
	       ^
	1 error
	
[COMPILING] Ch6Ex4.java
	[ERROR] javac failed Ch6Ex4.java
 ----begin compile output------- 
./Exercise4.java:1: error: class exercise4 is public, should be declared in a file named exercise4.java
	public class exercise4 {
	       ^
	Ch6Ex4.java:58: error: cannot access Exercise4
	            boolean isIt = Exercise4.isAbecedarian(testStr);
	                           ^
	  bad source file: ./Exercise4.java
	    file does not contain class Exercise4
	    Please remove or make sure it appears in the correct subdirectory of the sourcepath.
	2 errors
	
-----------END COMPILE-------
[COMPILING] Ch6Ex5.java
	[ERROR] javac failed Ch6Ex5.java
 ----begin compile output------- 
Ch6Ex5.java:57: error: cannot find symbol
	            boolean isIt = Exercise5.isDoubloon(testStr);
	                           ^
	  symbol:   variable Exercise5
	  location: class Ch6Ex5
	1 error
	
-----------END COMPILE-------
[COMPILING] Exercise5.java
	[ERROR] Missing Compile Target:Exercise5.java
[COMPILING] Ch6Ex4.java
	[ERROR] javac failed Ch6Ex4.java
 ----begin compile output------- 
./Exercise4.java:1: error: class exercise4 is public, should be declared in a file named exercise4.java
	public class exercise4 {
	       ^
	Ch6Ex4.java:58: error: cannot access Exercise4
	            boolean isIt = Exercise4.isAbecedarian(testStr);
	                           ^
	  bad source file: ./Exercise4.java
	    file does not contain class Exercise4
	    Please remove or make sure it appears in the correct subdirectory of the sourcepath.
	2 errors
	
-----------END COMPILE-------
[COMPILING] Ch6Ex5.java
	[ERROR] javac failed Ch6Ex5.java
 ----begin compile output------- 
Ch6Ex5.java:57: error: cannot find symbol
	            boolean isIt = Exercise5.isDoubloon(testStr);
	                           ^
	  symbol:   variable Exercise5
	  location: class Ch6Ex5
	1 error
	
-----------END COMPILE-------
[SUMMARY] ['Exercise4: COMPILE ERROR', 'Exercise4.Ch6Ex4: COMPILE ERROR', 'Exercise4.Ch6Ex5: COMPILE ERROR', 'Exercise5: MISSING', 'Exercise5.Ch6Ex4: COMPILE ERROR', 'Exercise5.Ch6Ex5: COMPILE ERROR']
[DONE chapter6]
[ASSIGNMENT DONE] Think Java: 2
<b>          [SCORE] 0.00</b>

<b>[Assignment]  >Think Java: 3< </b>
  [DESC] Third Assignment, Swettercise

*[BEGIN chapter6]
  [EXPECTING TARGETS] ['Swettercise']]
[COMPILING] Swettercise.java
	[ERROR] Missing Compile Target:Swettercise.java
[COMPILING] SwetterciseTest.java
	[ERROR] javac failed SwetterciseTest.java
 ----begin compile output------- 
SwetterciseTest.java:77: error: cannot find symbol
	            gotBack = Swettercise1.isPrime(num);
	                                  ^
	  symbol:   method isPrime(int)
	  location: class Swettercise1
	SwetterciseTest.java:109: error: cannot find symbol
	            gotBack = Swettercise1.collatzThis(num);
	                                  ^
	  symbol:   method collatzThis(int)
	  location: class Swettercise1
	SwetterciseTest.java:157: error: cannot find symbol
	            gotBack = Swettercise1.reverseStr(input);
	                                  ^
	  symbol:   method reverseStr(String)
	  location: class Swettercise1
	3 errors
	
-----------END COMPILE-------
[SUMMARY] ['Swettercise: MISSING', 'Swettercise.SwetterciseTest: COMPILE ERROR']
[DONE chapter6]
[ASSIGNMENT DONE] Think Java: 3
<b>          [SCORE] 0.40</b>

</pre></body></html>