<html><head><title>think-java status</title></head><body>
Run date: 2018-09-29
<br>Student User: bethtojatjar
<br>Project: think-java
<br>
<pre>

----------------------------------------------------------
[STUDENT INIT] bethtojatjar
[SETUP] Creating student dir:  ./stuwork/bethtojatjar
[PRE-WARN]: Expected non-empty: ./stuwork/bethtojatjar/think-java-bethtojatjar
[GITWORK]
[Attempting DL:https://github.com/SwettSoquelHS/think-java-bethtojatjar.git]
Cloning into 'think-java-bethtojatjar'...
	
[GITWORK DONE]

<hr>

<b>[Assignment]  >Think Java: 1< </b>
  [DESC] First Assignment, Ch2-Ch4

*[BEGIN chapter2]
  [EXPECTING TARGETS] ['Date', 'Time']]
[COMPILING] Date.java
	[SUCCESSFUL COMPILE] Date.java
[RUNNING] Date
-->
American Format:
	Thursday, July 16, 2015
	European Format: 
	Thursday 16 July 2015
	
<--
	[OUTPUT OK]

[COMPILING] Time.java
	[SUCCESSFUL COMPILE] Time.java
[RUNNING] Time
-->
The amount of seconds since midnight is: 39780 seconds
	The amount of seconds left in the day is: 50280 seconds
	The percentage of the day gone: 46.041668%
	
<--
	[OUTPUT OK]

[SUMMARY] 
	['Date: PASSED - EXCELLENT!'
	 'Time: PASSED - EXCELLENT!']
[DONE chapter2]

*[BEGIN chapter3]
  [EXPECTING TARGETS] ['Exercise3', 'Exercise4']]
[SUMMARY] 
	['Exercise3: MISSING (- 0.17)'
	 'Exercise4: MISSING (- 0.17)']
[DONE chapter3]

*[BEGIN chapter4]
  [EXPECTING TARGETS] ['Multadd']]
[COMPILING] Multadd.java
	[SUCCESSFUL COMPILE] Multadd.java
[RUNNING] Multadd
-->
	[ERROR] Runtime Error @ java Multadd

[SUMMARY] 
	['Multadd: RUNTIME ERROR (- 0.08)']
[DONE chapter4]
[ASSIGNMENT DONE] Think Java: 1
<b>          [SCORE] 0.58</b>

<hr>

<b>[Assignment]  >Think Java: 2< </b>
  [DESC] Second Assignment, Ch 6

*[BEGIN chapter6]
  [EXPECTING TARGETS] ['Exercise4', 'Exercise5']
[SUMMARY] 
	['Exercise4: MISSING (- 0.50)'
	 'Exercise5: MISSING (- 0.50)']
[DONE chapter6]
[ASSIGNMENT DONE] Think Java: 2
<b>          [SCORE] 0.00</b>

<hr>

<b>[Assignment]  >Think Java: 3< </b>
  [DESC] Third Assignment, Swettercise

*[BEGIN chapter6]
  [EXPECTING TARGETS] ['Swettercise1']
[COMPILING] Swettercise1.java
	[ERROR] javac failed Swettercise1.java Swettercise1.java:56: error: missing return statement
		}
		^
	1 error
	
[SUMMARY] 
	['Swettercise1: COMPILE ERROR (- 0.30)']
[DONE chapter6]
[ASSIGNMENT DONE] Think Java: 3
<b>          [SCORE] 0.70</b>

</pre></body></html>