<html><head><title>think-java status</title></head><body>
Run date: 2018-09-29
<br>Student User: DrKiefer
<br>Project: think-java
<br>
<pre>

----------------------------------------------------------
[STUDENT INIT] DrKiefer
[SETUP] Creating student dir:  ./stuwork/DrKiefer
[PRE-WARN]: Expected non-empty: ./stuwork/DrKiefer/think-java-DrKiefer
[GITWORK]
[Attempting DL:https://github.com/SwettSoquelHS/think-java-DrKiefer.git]
Cloning into 'think-java-DrKiefer'...
	
[GITWORK DONE]

<b>[Assignment]  >Think Java: 1< </b>
  [DESC] First Assignment, Ch2-Ch4

*[BEGIN chapter2]
  [EXPECTING TARGETS] ['Date', 'Time']]
[COMPILING] Date.java
	[SUCCESSFUL COMPILE] Date.java
[RUNNING] Date
-->

<--
	[OUTPUT OK]

[COMPILING] Time.java
	[SUCCESSFUL COMPILE] Time.java
[RUNNING] Time
-->

<--
	[OUTPUT OK]

[SUMMARY] ['Date: PASSED, EXCELLENT!', 'Time: PASSED, EXCELLENT!']
[DONE chapter2]

*[BEGIN chapter3]
  [EXPECTING TARGETS] ['Exercise3', 'Exercise4']]
[COMPILING] Exercise3.java
	[SUCCESSFUL COMPILE] Exercise3.java
[RUNNING] Exercise3
-->

<--
	[OUTPUT OK]

[COMPILING] Exercise4.java
	[SUCCESSFUL COMPILE] Exercise4.java
[RUNNING] Exercise4
-->

<--
	[OUTPUT OK]

[SUMMARY] ['Exercise3: PASSED, EXCELLENT!', 'Exercise4: PASSED, EXCELLENT!']
[DONE chapter3]

*[BEGIN chapter4]
  [EXPECTING TARGETS] ['Multadd']]
[COMPILING] Multadd.java
	[SUCCESSFUL COMPILE] Multadd.java
[RUNNING] Multadd
-->
	[ERROR] Runtime Error @ java Multadd

[SUMMARY] ['Multadd: RUNTIME ERROR']
[DONE chapter4]
[ASSIGNMENT DONE] Think Java: 1
<b>          [SCORE] <font color="green">0.95</font></b>

<b>[Assignment]  >Think Java: 2< </b>
  [DESC] Second Assignment, Ch 6

*[BEGIN chapter6]
  [EXPECTING TARGETS] ['Exercise4', 'Exercise5']]
[COMPILING] Exercise4.java
	[ERROR] Missing Compile Target:Exercise4.java
[TESTING WITH] copied Ch6Ex4
[COMPILED TEST] copied Ch6Ex4
[COMPILING] Ch6Ex4.java
	[ERROR] javac failed Ch6Ex4.java
 ----begin compile output------- 
Ch6Ex4.java:58: error: cannot find symbol
	            boolean isIt = Exercise4.isAbecedarian(testStr);
	                           ^
	  symbol:   variable Exercise4
	  location: class Ch6Ex4
	1 error
	
-----------END COMPILE-------
[TESTING WITH] copied Ch6Ex5
[COMPILED TEST] copied Ch6Ex5
[RUNNING] Ch6Ex5
-->
Doesnt Work
	works
	works
	works
	works
	works
	Doesnt Work
	Doesnt Work
	
	<br>Results for Exercise5().isDoubloon()
	<table width="600" border="1"><tr><th align="right" width="200"> Function Call</th><th align= "left"> -->Your output<--</th><th width="50"> Expected Output </th></tr><tr><td align="right" width="200">Exercise5.isDoubloon("abcdef")  </td><td align="left">false</td><td width="50" bgcolor="green"> :) </td></tr>
	<tr><td align="right" width="200">Exercise5.isDoubloon("aa")  </td><td align="left">true</td><td width="50" bgcolor="green"> :) </td></tr>
	<tr><td align="right" width="200">Exercise5.isDoubloon("anna")  </td><td align="left">true</td><td width="50" bgcolor="green"> :) </td></tr>
	<tr><td align="right" width="200">Exercise5.isDoubloon("abcdabcd")  </td><td align="left">true</td><td width="50" bgcolor="green"> :) </td></tr>
	<tr><td align="right" width="200">Exercise5.isDoubloon("aaa")  </td><td align="left">true</td><td bgcolor="red"><b>false </b></td></tr>
	<tr><td align="right" width="200">Exercise5.isDoubloon("intestines")  </td><td align="left">true</td><td width="50" bgcolor="green"> :) </td></tr>
	<tr><td align="right" width="200">Exercise5.isDoubloon("i cook crepes on sundays!")  </td><td align="left">false</td><td width="50" bgcolor="green"> :) </td></tr>
	<tr><td align="right" width="200">Exercise5.isDoubloon("Bannab")  </td><td align="left">false</td><td bgcolor="red"><b>true </b></td></tr>
	</table><br>
	[deductions=0.05]
	
	
<--
	[OUTPUT OK]

[COMPILING] Exercise5.java
	[SUCCESSFUL COMPILE] Exercise5.java
[TESTING WITH] copied Ch6Ex4
[COMPILED TEST] copied Ch6Ex4
[COMPILING] Ch6Ex4.java
	[ERROR] javac failed Ch6Ex4.java
 ----begin compile output------- 
Ch6Ex4.java:58: error: cannot find symbol
	            boolean isIt = Exercise4.isAbecedarian(testStr);
	                           ^
	  symbol:   variable Exercise4
	  location: class Ch6Ex4
	1 error
	
-----------END COMPILE-------
[TESTING WITH] copied Ch6Ex5
[COMPILED TEST] copied Ch6Ex5
[RUNNING] Ch6Ex5
-->
Doesnt Work
	works
	works
	works
	works
	works
	Doesnt Work
	Doesnt Work
	
	<br>Results for Exercise5().isDoubloon()
	<table width="600" border="1"><tr><th align="right" width="200"> Function Call</th><th align= "left"> -->Your output<--</th><th width="50"> Expected Output </th></tr><tr><td align="right" width="200">Exercise5.isDoubloon("abcdef")  </td><td align="left">false</td><td width="50" bgcolor="green"> :) </td></tr>
	<tr><td align="right" width="200">Exercise5.isDoubloon("aa")  </td><td align="left">true</td><td width="50" bgcolor="green"> :) </td></tr>
	<tr><td align="right" width="200">Exercise5.isDoubloon("anna")  </td><td align="left">true</td><td width="50" bgcolor="green"> :) </td></tr>
	<tr><td align="right" width="200">Exercise5.isDoubloon("abcdabcd")  </td><td align="left">true</td><td width="50" bgcolor="green"> :) </td></tr>
	<tr><td align="right" width="200">Exercise5.isDoubloon("aaa")  </td><td align="left">true</td><td bgcolor="red"><b>false </b></td></tr>
	<tr><td align="right" width="200">Exercise5.isDoubloon("intestines")  </td><td align="left">true</td><td width="50" bgcolor="green"> :) </td></tr>
	<tr><td align="right" width="200">Exercise5.isDoubloon("i cook crepes on sundays!")  </td><td align="left">false</td><td width="50" bgcolor="green"> :) </td></tr>
	<tr><td align="right" width="200">Exercise5.isDoubloon("Bannab")  </td><td align="left">false</td><td bgcolor="red"><b>true </b></td></tr>
	</table><br>
	[deductions=0.05]
	
	
<--
	[OUTPUT OK]

[SUMMARY] ['Exercise4: PASSED, BUT TEST CASES FOUND SOME ERRORS', 'Exercise5: PASSED, BUT TEST CASES FOUND SOME ERRORS']
[DONE chapter6]
[ASSIGNMENT DONE] Think Java: 2
<b>          [SCORE] <font color="green">0.90</font></b>

<b>[Assignment]  >Think Java: 3< </b>
  [DESC] Third Assignment, Swettercise

*[BEGIN chapter6]
  [EXPECTING TARGETS] ['Swettercise']]
[COMPILING] Swettercise.java
	[SUCCESSFUL COMPILE] Swettercise.java
[TESTING WITH] copied SwetterciseTest
[COMPILED TEST] copied SwetterciseTest
[COMPILING] SwetterciseTest.java
	[ERROR] javac failed SwetterciseTest.java
 ----begin compile output------- 
./Swettercise1.java:43: error: class, interface, or enum expected
	} 
	^
	SwetterciseTest.java:109: error: cannot find symbol
	            gotBack = Swettercise1.collatzThis(num);
	                                  ^
	  symbol:   method collatzThis(int)
	  location: class Swettercise1
	./Swettercise1.java:33: error: incompatible types: missing return value
				  return;
				  ^
	./Swettercise1.java:36: error: cannot find symbol
			 collatzThis(n / 2);
			 ^
	  symbol:   method collatzThis(int)
	  location: class Swettercise1
	./Swettercise1.java:39: error: cannot find symbol
			collatzThis(3*n + 1);
			^
	  symbol:   method collatzThis(int)
	  location: class Swettercise1
	5 errors
	
-----------END COMPILE-------
[SUMMARY] ['Swettercise: COMPILE ERROR']
[DONE chapter6]
[ASSIGNMENT DONE] Think Java: 3
<b>          [SCORE] 0.60</b>

</pre></body></html>