<html><head><title>think-java status</title></head><body>
Run date: 2018-09-29
<br>Student User: heypoppins
<br>Project: think-java
<br>
<pre>

----------------------------------------------------------
[STUDENT INIT] heypoppins
[SETUP] Creating student dir:  ./stuwork/heypoppins
[PRE-WARN]: Expected non-empty: ./stuwork/heypoppins/think-java-heypoppins
[GITWORK]
[Attempting DL:https://github.com/SwettSoquelHS/think-java-heypoppins.git]
Cloning into 'think-java-heypoppins'...
	
[GITWORK DONE]

<b>[Assignment]  >Think Java: 1< </b>
  [DESC] First Assignment, Ch2-Ch4

*[BEGIN chapter2]
  [EXPECTING TARGETS] ['Date', 'Time']]
[COMPILING] Date.java
	[ERROR] Missing Compile Target:Date.java
[COMPILING] Time.java
	[ERROR] Missing Compile Target:Time.java
[SUMMARY] ['Date: MISSING', 'Time: MISSING']
[DONE chapter2]

*[BEGIN chapter3]
  [EXPECTING TARGETS] ['Exercise3', 'Exercise4']]
[COMPILING] Exercise3.java
	[SUCCESSFUL COMPILE] Exercise3.java
[RUNNING] Exercise3
-->

<--
	[OUTPUT OK]

[COMPILING] Exercise4.java
	[SUCCESSFUL COMPILE] Exercise4.java
[RUNNING] Exercise4
-->

<--
	[OUTPUT OK]

[SUMMARY] ['Exercise3: RAN, BUT TOO MANY ERRORS', 'Exercise4: RAN, BUT TOO MANY ERRORS']
[DONE chapter3]

*[BEGIN chapter4]
  [EXPECTING TARGETS] ['Multadd']]
[COMPILING] Multadd.java
	[SUCCESSFUL COMPILE] Multadd.java
[RUNNING] Multadd
-->

<--
	[OUTPUT OK]

[SUMMARY] ['Multadd: RAN, BUT TOO MANY ERRORS']
[DONE chapter4]
[ASSIGNMENT DONE] Think Java: 1
<b>          [SCORE] 0.60</b>

<b>[Assignment]  >Think Java: 2< </b>
  [DESC] Second Assignment, Ch 6

*[BEGIN chapter6]
  [EXPECTING TARGETS] ['Exercise4', 'Exercise5']]
[COMPILING] Exercise4.java
	[SUCCESSFUL COMPILE] Exercise4.java
[COMPILING] Ch6Ex4.java
	[ERROR] javac failed Ch6Ex4.java
 ----begin compile output------- 
Ch6Ex4.java:58: error: cannot find symbol
	            boolean isIt = Exercise4.isAbecedarian(testStr);
	                                    ^
	  symbol:   method isAbecedarian(String)
	  location: class Exercise4
	1 error
	
-----------END COMPILE-------
[COMPILING] Ch6Ex5.java
	[ERROR] javac failed Ch6Ex5.java
 ----begin compile output------- 
Ch6Ex5.java:57: error: cannot find symbol
	            boolean isIt = Exercise5.isDoubloon(testStr);
	                           ^
	  symbol:   variable Exercise5
	  location: class Ch6Ex5
	1 error
	
-----------END COMPILE-------
[COMPILING] Exercise5.java
	[ERROR] Missing Compile Target:Exercise5.java
[COMPILING] Ch6Ex4.java
	[ERROR] javac failed Ch6Ex4.java
 ----begin compile output------- 
Ch6Ex4.java:58: error: cannot find symbol
	            boolean isIt = Exercise4.isAbecedarian(testStr);
	                                    ^
	  symbol:   method isAbecedarian(String)
	  location: class Exercise4
	1 error
	
-----------END COMPILE-------
[COMPILING] Ch6Ex5.java
	[ERROR] javac failed Ch6Ex5.java
 ----begin compile output------- 
Ch6Ex5.java:57: error: cannot find symbol
	            boolean isIt = Exercise5.isDoubloon(testStr);
	                           ^
	  symbol:   variable Exercise5
	  location: class Ch6Ex5
	1 error
	
-----------END COMPILE-------
[SUMMARY] ['Exercise4: PASSED, EXCELLENT!', 'Exercise4.Ch6Ex4: COMPILE ERROR', 'Exercise4.Ch6Ex5: COMPILE ERROR', 'Exercise5: MISSING', 'Exercise5.Ch6Ex4: COMPILE ERROR', 'Exercise5.Ch6Ex5: COMPILE ERROR']
[DONE chapter6]
[ASSIGNMENT DONE] Think Java: 2
<b>          [SCORE] 0.00</b>

<b>[Assignment]  >Think Java: 3< </b>
  [DESC] Third Assignment, Swettercise

*[BEGIN chapter6]
  [EXPECTING TARGETS] ['Swettercise']]
[COMPILING] Swettercise.java
	[ERROR] Missing Compile Target:Swettercise.java
[COMPILING] SwetterciseTest.java
	[ERROR] javac failed SwetterciseTest.java
 ----begin compile output------- 
SwetterciseTest.java:77: error: cannot find symbol
	            gotBack = Swettercise1.isPrime(num);
	                      ^
	  symbol:   variable Swettercise1
	  location: class SwetterciseTest
	SwetterciseTest.java:109: error: cannot find symbol
	            gotBack = Swettercise1.collatzThis(num);
	                      ^
	  symbol:   variable Swettercise1
	  location: class SwetterciseTest
	SwetterciseTest.java:157: error: cannot find symbol
	            gotBack = Swettercise1.reverseStr(input);
	                      ^
	  symbol:   variable Swettercise1
	  location: class SwetterciseTest
	3 errors
	
-----------END COMPILE-------
[SUMMARY] ['Swettercise: MISSING', 'Swettercise.SwetterciseTest: COMPILE ERROR']
[DONE chapter6]
[ASSIGNMENT DONE] Think Java: 3
<b>          [SCORE] 0.40</b>

</pre></body></html>