<html><head><title>think-java status</title></head><body>
Run date: 2018-09-29
<br>Student User: kaifouts
<br>Project: think-java
<br>
<pre>

----------------------------------------------------------
[STUDENT INIT] kaifouts
[SETUP] Creating student dir:  ./stuwork/kaifouts
[PRE-WARN]: Expected non-empty: ./stuwork/kaifouts/think-java-kaifouts
[GITWORK]
[Attempting DL:https://github.com/SwettSoquelHS/think-java-kaifouts.git]
Cloning into 'think-java-kaifouts'...
	
[GITWORK DONE]

<b>[Assignment]  >Think Java: 1< </b>
  [DESC] First Assignment, Ch2-Ch4

*[BEGIN chapter2]
  [EXPECTING TARGETS] ['Date', 'Time']]
[COMPILING] Date.java
	[SUCCESSFUL COMPILE] Date.java
[RUNNING] Date
-->

<--
	[OUTPUT OK]

[COMPILING] Time.java
	[SUCCESSFUL COMPILE] Time.java
[RUNNING] Time
-->

<--
	[OUTPUT OK]

[SUMMARY] ['Date: PASSED, EXCELLENT!', 'Time: PASSED, EXCELLENT!']
[DONE chapter2]

*[BEGIN chapter3]
  [EXPECTING TARGETS] ['Exercise3', 'Exercise4']]
	[ERROR] No chapter work for:chapter3
[DONE chapter3]

*[BEGIN chapter4]
  [EXPECTING TARGETS] ['Multadd']]
[COMPILING] Multadd.java
	[ERROR] javac failed Multadd.java Multadd.java:6: error: <identifier> expected
	System.out.println("Exercise 6...");
	                  ^
	Multadd.java:6: error: illegal start of type
	System.out.println("Exercise 6...");
	                   ^
	Multadd.java:9: error: <identifier> expected
			System.out.println("multAdd"
			                  ^
	Multadd.java:9: error: illegal start of type
			System.out.println("multAdd"
			                   ^
	Multadd.java:9: error: ')' expected
			System.out.println("multAdd"
			                            ^
	Multadd.java:12: error: ';' expected
		public static double Multadd(double a, double b, double c){
		      ^
	6 errors
	
[SUMMARY] ['Multadd: COMPILE ERROR']
[DONE chapter4]
[ASSIGNMENT DONE] Think Java: 1
<b>          [SCORE] 0.20</b>

<b>[Assignment]  >Think Java: 2< </b>
  [DESC] Second Assignment, Ch 6

*[BEGIN chapter6]
  [EXPECTING TARGETS] ['Exercise4', 'Exercise5']]
[COMPILING] Exercise4.java
	[ERROR] Missing Compile Target:Exercise4.java
[TESTING WITH] copied Ch6Ex4
[COMPILED TEST] copied Ch6Ex4
[COMPILING] Ch6Ex4.java
	[ERROR] javac failed Ch6Ex4.java
 ----begin compile output------- 
Ch6Ex4.java:58: error: cannot find symbol
	            boolean isIt = Exercise4.isAbecedarian(testStr);
	                           ^
	  symbol:   variable Exercise4
	  location: class Ch6Ex4
	1 error
	
-----------END COMPILE-------
[TESTING WITH] copied Ch6Ex5
[COMPILED TEST] copied Ch6Ex5
[COMPILING] Ch6Ex5.java
	[ERROR] javac failed Ch6Ex5.java
 ----begin compile output------- 
Ch6Ex5.java:57: error: cannot find symbol
	            boolean isIt = Exercise5.isDoubloon(testStr);
	                           ^
	  symbol:   variable Exercise5
	  location: class Ch6Ex5
	1 error
	
-----------END COMPILE-------
[COMPILING] Exercise5.java
	[ERROR] Missing Compile Target:Exercise5.java
[TESTING WITH] copied Ch6Ex4
[COMPILED TEST] copied Ch6Ex4
[COMPILING] Ch6Ex4.java
	[ERROR] javac failed Ch6Ex4.java
 ----begin compile output------- 
Ch6Ex4.java:58: error: cannot find symbol
	            boolean isIt = Exercise4.isAbecedarian(testStr);
	                           ^
	  symbol:   variable Exercise4
	  location: class Ch6Ex4
	1 error
	
-----------END COMPILE-------
[TESTING WITH] copied Ch6Ex5
[COMPILED TEST] copied Ch6Ex5
[COMPILING] Ch6Ex5.java
	[ERROR] javac failed Ch6Ex5.java
 ----begin compile output------- 
Ch6Ex5.java:57: error: cannot find symbol
	            boolean isIt = Exercise5.isDoubloon(testStr);
	                           ^
	  symbol:   variable Exercise5
	  location: class Ch6Ex5
	1 error
	
-----------END COMPILE-------
[SUMMARY] ['Exercise4: COMPILE ERROR', 'Exercise5: COMPILE ERROR']
[DONE chapter6]
[ASSIGNMENT DONE] Think Java: 2
<b>          [SCORE] 0.20</b>

<b>[Assignment]  >Think Java: 3< </b>
  [DESC] Third Assignment, Swettercise

*[BEGIN chapter6]
  [EXPECTING TARGETS] ['Swettercise']]
[COMPILING] Swettercise.java
	[ERROR] Missing Compile Target:Swettercise.java
[TESTING WITH] copied SwetterciseTest
[COMPILED TEST] copied SwetterciseTest
[COMPILING] SwetterciseTest.java
	[ERROR] javac failed SwetterciseTest.java
 ----begin compile output------- 
SwetterciseTest.java:77: error: cannot find symbol
	            gotBack = Swettercise1.isPrime(num);
	                      ^
	  symbol:   variable Swettercise1
	  location: class SwetterciseTest
	SwetterciseTest.java:109: error: cannot find symbol
	            gotBack = Swettercise1.collatzThis(num);
	                      ^
	  symbol:   variable Swettercise1
	  location: class SwetterciseTest
	SwetterciseTest.java:157: error: cannot find symbol
	            gotBack = Swettercise1.reverseStr(input);
	                      ^
	  symbol:   variable Swettercise1
	  location: class SwetterciseTest
	3 errors
	
-----------END COMPILE-------
[SUMMARY] ['Swettercise: COMPILE ERROR']
[DONE chapter6]
[ASSIGNMENT DONE] Think Java: 3
<b>          [SCORE] 0.60</b>

</pre></body></html>