<html><head><title>think-java status</title></head><body>
Run date: 2018-09-29
<br>Student User: KaylaRidesBikes
<br>Project: think-java
<br>
<pre>

----------------------------------------------------------
[STUDENT INIT] KaylaRidesBikes
[SETUP] Creating student dir:  ./stuwork/KaylaRidesBikes
[PRE-WARN]: Expected non-empty: ./stuwork/KaylaRidesBikes/think-java-KaylaRidesBikes
[GITWORK]
[Attempting DL:https://github.com/SwettSoquelHS/think-java-KaylaRidesBikes.git]
Cloning into 'think-java-KaylaRidesBikes'...
	
[GITWORK DONE]

<hr>

<b>[Assignment]  >Think Java: 1< </b>
  [DESC] First Assignment, Ch2-Ch4

*[BEGIN chapter2]
  [EXPECTING TARGETS] ['Date', 'Time']]
[COMPILING] Date.java
	[SUCCESSFUL COMPILE] Date.java
[RUNNING] Date
-->
American Format:
	Tuesday, August 28, 2018
	European Format:
	Tuesday, 28 August, 2018
	
<--
	[OUTPUT OK]

[COMPILING] Time.java
	[SUCCESSFUL COMPILE] Time.java
[RUNNING] Time
-->
Number of seconds since midnight:
	36047
	864047
	
<--
	[OUTPUT OK]

[SUMMARY] 
	['Date: PASSED - EXCELLENT!'
	 'Time: PASSED - EXCELLENT!']
[DONE chapter2]

*[BEGIN chapter3]
  [EXPECTING TARGETS] ['Exercise3', 'Exercise4']]
	[ERROR] No chapter work for:chapter3
[DONE chapter3]

*[BEGIN chapter4]
  [EXPECTING TARGETS] ['Multadd']]
[COMPILING] Multadd.java
	[SUCCESSFUL COMPILE] Multadd.java
[RUNNING] Multadd
-->
Exercise 6:
	multAdd( 5,6,7 ) = 37.0
	
<--
	[OUTPUT OK]

[SUMMARY] 
	['Multadd: PASSED - EXCELLENT!']
[DONE chapter4]
[ASSIGNMENT DONE] Think Java: 1
<b>          [SCORE] 0.25</b>

<hr>

<b>[Assignment]  >Think Java: 2< </b>
  [DESC] Second Assignment, Ch 6

*[BEGIN chapter6]
  [EXPECTING TARGETS] ['Exercise4', 'Exercise5']
[SUMMARY] 
	['Exercise4: MISSING (- 0.50)'
	 'Exercise5: MISSING (- 0.50)']
[DONE chapter6]
[ASSIGNMENT DONE] Think Java: 2
<b>          [SCORE] 0.00</b>

<hr>

<b>[Assignment]  >Think Java: 3< </b>
  [DESC] Third Assignment, Swettercise

*[BEGIN chapter6]
  [EXPECTING TARGETS] ['Swettercise1']
[COMPILING] Swettercise.java
	[ERROR] javac failed Swettercise.java Swettercise.java:23: error: ';' expected
			System.out.println("aString")
			                             ^
	1 error
	
[SUMMARY] 
	['Swettercise1: COMPILE ERROR (- 0.30)']
[DONE chapter6]
[ASSIGNMENT DONE] Think Java: 3
<b>          [SCORE] 0.70</b>

</pre></body></html>