<html><head><title>think-java status</title></head><body>
Run date: 2018-09-26
<br>Student User: slammensam
<br>Project: think-java
<br>
<pre>

----------------------------------------------------------
[STUDENT INIT] slammensam
[SETUP] Creating student dir:  ./stuwork/slammensam
[PRE-WARN]: Expected non-empty: ./stuwork/slammensam/think-java-slammensam
[GITWORK]
[Attempting DL:https://github.com/SwettSoquelHS/think-java-slammensam.git]
Cloning into 'think-java-slammensam'...
	
[GITWORK DONE]
[Assignment]  >asignment_1<
  [DESC] First Assignment, Ch2-Ch4

*[BEGIN chapter2]
  [EXPECTING TARGETS] ['Date', 'Time']]
[COMPILING] Date.java
	[SUCCESSFUL COMPILE] Date.java
[RUNNING] Date
-->

<--
	[OUTPUT OK]

[COMPILING] Time.java
	[ERROR] javac failed Time.java Time.java:27: error: cannot find symbol
			System.out.pritnln(minute - minute1);
			          ^
	  symbol:   method pritnln(int)
	  location: variable out of type PrintStream
	1 error
	
[SUMMARY] ['Date: PASS', 'Time: COMPILE ERROR']
[DONE chapter2]

*[BEGIN chapter3]
  [EXPECTING TARGETS] ['Exercise3', 'Exercise4']]
	[ERROR] No chapter work for:chapter3
[DONE chapter3]

*[BEGIN chapter4]
  [EXPECTING TARGETS] ['Multadd']]
[COMPILING] Multadd.java
	[ERROR] Missing Compile Target:Multadd.java
[SUMMARY] ['Multadd: MISSING']
[DONE chapter4]
[ASSIGNMENT DONE] asignment_1
          [SCORE] 0.30

</pre></body></html>