<html><head><title>think-java status</title></head><body>
Run date: 2018-09-17
<br>Student User: aliyaaware
<br>Project: think-java
<br>
<pre>

----------------------------------------------------------
[STUDENT INIT] aliyaaware
[CLEANUP] Removing project dir: ./stuwork/aliyaaware/think-java-aliyaaware
[GITWORK]
[Attempting DL:https://github.com/SwettSoquelHS/think-java-aliyaaware.git]
Cloning into 'think-java-aliyaaware'...
	
[GITWORK DONE]

*[BEGIN chapter2]
  [EXPECTED TARGETS] ['Date', 'Time']]
[COMPILING] Date.java
	[SUCCESSFUL COMPILE] Date.java
[RUNNING] Date
-->
American format:
	Thursday, July16, 2015
	European format:
	Thursday16July2015
	
<--
	[OUTPUT OK]

[COMPILING] Time.java
	[ERROR] javac failed Time.java Time.java:10: ')' expected
			System.out.println("It has been "answer+ " seconds since midnight");
			                                 ^
	Time.java:10: not a statement
			System.out.println("It has been "answer+ " seconds since midnight");
			                                       ^
	Time.java:10: ';' expected
			System.out.println("It has been "answer+ " seconds since midnight");
			                                                                  ^
	3 errors
	
[SUMMARY] ['Date: PASS', 'Time: COMPILE ERROR']
[DONE chapter2]

*[BEGIN chapter3]
  [EXPECTED TARGETS] ['Exercise3', 'Exercise4']]
[COMPILING] Exercise3.java
	[SUCCESSFUL COMPILE] Exercise3.java
[RUNNING] Exercise3
-->
	[ERROR] Runtime Error @ java Exercise3

[COMPILING] Exercise4.java
	[ERROR] Missing Compile Target:Exercise4.java
[SUMMARY] ['Exercise3: RUNTIME ERROR', 'Exercise4: MISSING']
[DONE chapter3]

*[BEGIN chapter4]
  [EXPECTED TARGETS] ['Multadd']]
[COMPILING] Multadd.java
	[ERROR] javac failed Multadd.java Multadd.java:21: missing return statement
		}
		^
	1 error
	
[SUMMARY] ['Multadd: COMPILE ERROR']
[DONE chapter4]
[ASSIGNMENT DONE] asignment_1
          [SCORE] 0.55

</pre></body></html>