<html><head><title>think-java status</title></head><body>
Run date: 2018-09-17
<br>Student User: jadenngo13
<br>Project: think-java
<br>
<pre>

----------------------------------------------------------
[STUDENT INIT] jadenngo13
[SETUP] Creating student dir:  ./stuwork/jadenngo13
[FRESH & CLEAN] @ ./stuwork/jadenngo13/think-java-jadenngo13
[GITWORK]
[Attempting DL:https://github.com/SwettSoquelHS/think-java-jadenngo13.git]
Cloning into 'think-java-jadenngo13'...
	
[GITWORK DONE]

*[BEGIN chapter2]
  [EXPECTED TARGETS] ['Date', 'Time']]
[COMPILING] Date.java
	[SUCCESSFUL COMPILE] Date.java
[RUNNING] Date
-->
American Format: 
	Tuesday, August 28, 2018
	European Format: 
	Tuesday 28 August 2018
	
<--
	[OUTPUT OK]

[COMPILING] Time.java
	[ERROR] javac failed Time.java Time.java:10: ';' expected
			hour = 12
			         ^
	Time.java:11: ';' expected
			minute = 15
			           ^
	Time.java:12: ';' expected
			second = 5
			          ^
	Time.java:14: ';' expected
			time_since_midnight = 24 - hour
			                               ^
	Time.java:16: illegal start of expression
			System.out.println("Number of seconds since midnight: " + );
			                                                          ^
	Time.java:17: illegal start of expression
			System.out.println("Number of seconds left in day: " + );
			                                                       ^
	6 errors
	
[SUMMARY] ['Date: PASS', 'Time: COMPILE ERROR']
[DONE chapter2]

*[BEGIN chapter3]
  [EXPECTED TARGETS] ['Exercise3', 'Exercise4']]
[COMPILING] Exercise3.java
	[SUCCESSFUL COMPILE] Exercise3.java
[RUNNING] Exercise3
-->
Enter seconds: 13 seconds = 0 hours, 0.0 minutes, and 13 seconds
	
<--
	[OUTPUT OK]

[COMPILING] Exercise4.java
	[SUCCESSFUL COMPILE] Exercise4.java
[RUNNING] Exercise4
-->
Enter a number: Your guess is: 13
	The number I was thinking of was: 62
	You were off by: 49
	
<--
	[OUTPUT OK]

[SUMMARY] ['Exercise3: PASS', 'Exercise4: PASS']
[DONE chapter3]

*[BEGIN chapter4]
  [EXPECTED TARGETS] ['Exercise4', 'Exercise5']]
[COMPILING] Exercise4.java
	[ERROR] Missing Compile Target:Exercise4.java
[COMPILING] Exercise5.java
	[ERROR] Missing Compile Target:Exercise5.java
[SUMMARY] ['Exercise4: MISSING', 'Exercise5: MISSING']
[DONE chapter4]
[ASSIGNMENT DONE] asignment_1
          [SCORE] 0.50

</pre></body></html>