<html><head><title>think-java status</title></head><body>
Run date: 2018-09-17
<br>Student User: slammensam
<br>Project: think-java
<br>
<pre>

----------------------------------------------------------
[STUDENT INIT] slammensam
[SETUP] Creating student dir:  ./stuwork/slammensam
[FRESH & CLEAN] @ ./stuwork/slammensam/think-java-slammensam
[GITWORK]
[Attempting DL:https://github.com/SwettSoquelHS/think-java-slammensam.git]
Cloning into 'think-java-slammensam'...
	
[GITWORK DONE]

*[BEGIN chapter2]
  [EXPECTED TARGETS] ['Date', 'Time']]
[COMPILING] Date.java
	[SUCCESSFUL COMPILE] Date.java
[RUNNING] Date
-->
American Date:
	Tuesday, August 28, 2018
	European Date:
	Tuesday 28 August 2018
	
<--
	[OUTPUT OK]

[COMPILING] Time.java
	[ERROR] javac failed Time.java Time.java:27: cannot find symbol
	symbol  : method pritnln(int)
	location: class java.io.PrintStream
			System.out.pritnln(minute - minute1);
			          ^
	1 error
	
[SUMMARY] ['Date: PASS', 'Time: COMPILE ERROR']
[DONE chapter2]

*[BEGIN chapter3]
  [EXPECTED TARGETS] ['Exercise3', 'Exercise4']]
	[ERROR] No chapter work for:chapter3
[DONE chapter3]

*[BEGIN chapter4]
  [EXPECTED TARGETS] ['Exercise4', 'Exercise5']]
[COMPILING] Exercise4.java
	[ERROR] Missing Compile Target:Exercise4.java
[COMPILING] Exercise5.java
	[ERROR] Missing Compile Target:Exercise5.java
[SUMMARY] ['Exercise4: MISSING', 'Exercise5: MISSING']
[DONE chapter4]
[ASSIGNMENT DONE] asignment_1
          [SCORE] 0.10

</pre></body></html>